<?xml version="1.0" encoding="UTF-8"?>
<!-- Generated by org.testng.reporters.JUnitXMLReporter -->
<testsuite ignored="0" hostname="DESKTOP-K41M44F" failures="0" tests="45" name="Smoke Testing" time="1211.803" errors="0" timestamp="2024-12-02T10:36:06 IST">
  <testcase classname="Ditinteractive.NewsPage" name="navigateToWebsite" time="1.796"/>
  <testcase classname="Ditinteractive.NewsPage" name="ShopifyPage" time="34.87"/>
  <testcase classname="Ditinteractive.NewsPage" name="BigcommercePage" time="15.073"/>
  <testcase classname="Ditinteractive.NewsPage" name="EcommercePage" time="15.537"/>
  <testcase classname="Ditinteractive.NewsPage" name="WordPressPage" time="15.089"/>
  <testcase classname="Ditinteractive.NewsPage" name="MagentoPage" time="8.975"/>
  <testcase classname="Ditinteractive.NewsPage" name="ReactJSPage" time="7.513"/>
  <testcase classname="Ditinteractive.NewsPage" name="BlogPage" time="22.716"/>
  <testcase classname="Ditinteractive.NewsPage" name="BlogPage1" time="17.218"/>
  <testcase classname="Ditinteractive.NewsPage" name="BlogPage2" time="15.398"/>
  <testcase classname="Ditinteractive.NewsPage" name="BlogPage3" time="19.147"/>
  <testcase classname="Ditinteractive.About" name="navigateToWebsite" time="2.08"/>
  <testcase classname="Ditinteractive.About" name="navigateToAboutPage" time="45.795"/>
  <testcase classname="Ditinteractive.ThemesPage" name="navigateToWebsite" time="17.418"/>
  <testcase classname="Ditinteractive.ThemesPage" name="navigateToThemesPage" time="32.333"/>
  <testcase classname="Ditinteractive.OurworkPage" name="navigateToWebsite" time="15.971"/>
  <testcase classname="Ditinteractive.OurworkPage" name="OurWorkPage" time="41.686"/>
  <testcase classname="Ditinteractive.OurworkPage" name="SanciaPage" time="30.399"/>
  <testcase classname="Ditinteractive.OurworkPage" name="AlchemixPage" time="27.217"/>
  <testcase classname="Ditinteractive.OurworkPage" name="CaratKingsJewellersPage" time="32.067"/>
  <testcase classname="Ditinteractive.OurworkPage" name="KKLifestylePage" time="29.729"/>
  <testcase classname="Ditinteractive.HomePage" name="navigateToWebsite" time="28.302"/>
  <testcase classname="Ditinteractive.HomePage" name="testCart" time="2.326"/>
  <testcase classname="Ditinteractive.CareersPage" name="navigateToWebsite" time="31.366"/>
  <testcase classname="Ditinteractive.CareersPage" name="navigateToCareersPage" time="32.957"/>
  <testcase classname="Ditinteractive.ServicePage" name="navigateToWebsite" time="2.544"/>
  <testcase classname="Ditinteractive.ServicePage" name="BigcommercePage" time="35.621"/>
  <testcase classname="Ditinteractive.ServicePage" name="MagentoPage" time="39.564"/>
  <testcase classname="Ditinteractive.ServicePage" name="ShopifyPage" time="40.311"/>
  <testcase classname="Ditinteractive.ServicePage" name="WoocommercePage" time="38.525"/>
  <testcase classname="Ditinteractive.ServicePage" name="FrontendPage" time="28.042"/>
  <testcase classname="Ditinteractive.ServicePage" name="NodeJSPage" time="35.431"/>
  <testcase classname="Ditinteractive.ServicePage" name="ReactJSPage" time="31.726"/>
  <testcase classname="Ditinteractive.ServicePage" name="wordpressPage" time="27.504"/>
  <testcase classname="Ditinteractive.ServicePage" name="BrandingdesignPage" time="34.978"/>
  <testcase classname="Ditinteractive.ServicePage" name="LogodesignPage" time="38.702"/>
  <testcase classname="Ditinteractive.ServicePage" name="UIUXdesignPage" time="33.007"/>
  <testcase classname="Ditinteractive.ServicePage" name="MobileAppdesignPage" time="29.366"/>
  <testcase classname="Ditinteractive.ServicePage" name="EcommercedesignPage" time="28.913"/>
  <testcase classname="Ditinteractive.ServicePage" name="ContentMarketingPage" time="32.758"/>
  <testcase classname="Ditinteractive.ServicePage" name="LandingpageDesigning" time="33.384"/>
  <testcase classname="Ditinteractive.ServicePage" name="PPCPage" time="32.131"/>
  <testcase classname="Ditinteractive.ServicePage" name="SEOPage" time="33.329"/>
  <testcase classname="Ditinteractive.ServicePage" name="SocialMediaMarketingPage" time="34.837"/>
  <testcase classname="Ditinteractive.ServicePage" name="CROPage" time="35.235"/>
</testsuite> <!-- Smoke Testing -->
