<?xml version="1.0" encoding="UTF-8"?>
<!-- Generated by org.testng.reporters.JUnitXMLReporter -->
<testsuite ignored="0" hostname="DESKTOP-K41M44F" failures="0" tests="6" name="Default test" time="172.55" errors="0" timestamp="2024-11-29T17:00:17 IST">
  <testcase classname="Ditinteractive.OurworkPage" name="navigateToWebsite" time="16.906"/>
  <testcase classname="Ditinteractive.OurworkPage" name="OurWorkPage" time="28.884"/>
  <testcase classname="Ditinteractive.OurworkPage" name="SanciaPage" time="32.132"/>
  <testcase classname="Ditinteractive.OurworkPage" name="AlchemixPage" time="26.981"/>
  <testcase classname="Ditinteractive.OurworkPage" name="CaratKingsJewellersPage" time="31.591"/>
  <testcase classname="Ditinteractive.OurworkPage" name="KKLifestylePage" time="31.563"/>
</testsuite> <!-- Default test -->
